<?xml version="1.0" encoding="UTF-8"?>
<robot generator="Robot 3.0.4 (Python 3.7.0 on darwin)" generated="20181118 21:30:09.150">
<suite id="s1" name="Workshop 4" source="/Users/Julia/hackademy/workshop_4">
<suite id="s1-s1" name="Test Sign Up" source="/Users/Julia/hackademy/workshop_4/test_sign_up.robot">
<test id="s1-s1-t1" name="Register To Eshop">
<kw name="Open Browser" library="SeleniumLibrary" type="setup">
<doc>Opens a new browser instance to the given ``url``.</doc>
<arguments>
<arg>${url}</arg>
<arg>${browser}</arg>
</arguments>
<msg timestamp="20181118 21:30:09.350" level="INFO">Opening browser 'chrome' to base url 'http://automationpractice.com/index.php'.</msg>
<status status="PASS" starttime="20181118 21:30:09.349" endtime="20181118 21:30:13.551"></status>
</kw>
<kw name="Click Link" library="SeleniumLibrary">
<doc>Clicks a link identified by ``locator``.</doc>
<arguments>
<arg>${link_login}</arg>
</arguments>
<msg timestamp="20181118 21:30:13.554" level="INFO">Clicking link 'class=login'.</msg>
<kw name="Capture Page Screenshot" library="SeleniumLibrary">
<doc>Takes screenshot of the current page and embeds it into log file.</doc>
<msg timestamp="20181118 21:30:13.565" level="FAIL">NoSuchWindowException: Message: no such window: target window already closed
from unknown error: web view not found
  (Session info: chrome=70.0.3538.102)
  (Driver info: chromedriver=2.42.591059 (a3d9684d10d61aa0c45f6723b327283be1ebaad8),platform=Mac OS X 10.13.6 x86_64)
</msg>
<status status="FAIL" starttime="20181118 21:30:13.556" endtime="20181118 21:30:13.565"></status>
</kw>
<msg timestamp="20181118 21:30:13.566" level="WARN">Keyword 'Capture Page Screenshot' could not be run on failure: NoSuchWindowException: Message: no such window: target window already closed
from unknown error: web view not found
  (Session info: chrome=70.0.3538.102)
  (Driver info: chromedriver=2.42.591059 (a3d9684d10d61aa0c45f6723b327283be1ebaad8),platform=Mac OS X 10.13.6 x86_64)
</msg>
<msg timestamp="20181118 21:30:13.572" level="FAIL">NoSuchWindowException: Message: no such window: target window already closed
from unknown error: web view not found
  (Session info: chrome=70.0.3538.102)
  (Driver info: chromedriver=2.42.591059 (a3d9684d10d61aa0c45f6723b327283be1ebaad8),platform=Mac OS X 10.13.6 x86_64)
</msg>
<status status="FAIL" starttime="20181118 21:30:13.553" endtime="20181118 21:30:13.572"></status>
</kw>
<kw name="Close Browser" library="SeleniumLibrary" type="teardown">
<doc>Closes the current browser.</doc>
<status status="PASS" starttime="20181118 21:30:13.574" endtime="20181118 21:30:13.669"></status>
</kw>
<status status="FAIL" starttime="20181118 21:30:09.348" endtime="20181118 21:30:13.669" critical="yes">NoSuchWindowException: Message: no such window: target window already closed
from unknown error: web view not found
  (Session info: chrome=70.0.3538.102)
  (Driver info: chromedriver=2.42.591059 (a3d9684d10d61aa0c45f6723b327283be1ebaad8),platform=Mac OS X 10.13.6 x86_64)
</status>
</test>
<status status="FAIL" starttime="20181118 21:30:09.214" endtime="20181118 21:30:13.672"></status>
</suite>
<status status="FAIL" starttime="20181118 21:30:09.188" endtime="20181118 21:30:13.678"></status>
</suite>
<statistics>
<total>
<stat pass="0" fail="1">Critical Tests</stat>
<stat pass="0" fail="1">All Tests</stat>
</total>
<tag>
</tag>
<suite>
<stat pass="0" fail="1" id="s1" name="Workshop 4">Workshop 4</stat>
<stat pass="0" fail="1" id="s1-s1" name="Test Sign Up">Workshop 4.Test Sign Up</stat>
</suite>
</statistics>
<errors>
<msg timestamp="20181118 21:30:13.566" level="WARN">Keyword 'Capture Page Screenshot' could not be run on failure: NoSuchWindowException: Message: no such window: target window already closed
from unknown error: web view not found
  (Session info: chrome=70.0.3538.102)
  (Driver info: chromedriver=2.42.591059 (a3d9684d10d61aa0c45f6723b327283be1ebaad8),platform=Mac OS X 10.13.6 x86_64)
</msg>
</errors>
</robot>
